nohup: ignoring input
reading params from file config-learn.properties
* read 273740 triples
* indexed 10000 triples
* indexed 20000 triples
* indexed 40000 triples
* indexed 80000 triples
* indexed 160000 triples
* set up index for 237 relations, 13782 head entities, and 13380 tail entities
* set up list structure ...  done
* creating worker thread #0
* creating worker thread #1
* creating worker thread #2
* creating worker thread #3
* creating worker thread #4
* creating worker thread #5
* creating worker thread #6
THREAD-1 starts to work with L=2 C=Cyclic 
THREAD-3 starts to work with L=0 C=Zero 
THREAD-5 starts to work with L=2 C=Cyclic 
THREAD-0 starts to work with L=2 C=Cyclic 
THREAD-4 starts to work with L=2 C=Cyclic 
THREAD-2 starts to work with L=1 C=Cyclic 
THREAD-6 starts to work with L=1 C=Cyclic 
>>> Batch #1  000659 | 007034 002839  > 99k |  > 99k
>>> Batch #2  000659 | 007034 006735 002849 | 004995
>>> Batch #3  000000 | 028760 004773 003429 | 008025
>>> Batch #4  000000 | 011540 001773 003429 | 005858
>>> Batch #5  000000 | 006611 003291 001870 | 005858
>>> Batch #6  000000 | 010131 003291 001870 | 007524
>>> Batch #7  000000 | 007814 004960 001870 | 005945
>>> Batch #8  000000 | 003999 002929 004405 | 006786
>>> Batch #9  000000 | 003095 001924 003816 | 005062
>>> Batch #10  000000 | 001973 001613 002853 | 004657

>>> CREATING SNAPSHOT 0 after 11 seconds

>>> storing rules in file rules/alpha-10
>>> stored 113329 rules in 250ms
>>> Batch #11  000000 | 001666 002224 005830 | 007630
>>> Batch #12  000000 | 000436 001016 002245 | 004198
>>> Batch #13  000000 | 000309 000947 002299 | 003730
>>> Batch #14  000000 | 000241 000947 002408 | 004573
>>> Batch #15  000001 | 000241 000879 001936 | 003742
>>> Batch #16  000001 | 000163 000879 001980 | 003910
>>> Batch #17  000001 | 000155 000879 001980 | 004364
>>> Batch #18  000001 | 000155 000565 001431 | 003590
>>> Batch #19  000000 | 000155 000565 001909 | 004922
>>> Batch #20  000000 | 000155 000565 001696 | 003197
>>> Batch #21  000000 | 000097 001156 002518 | 003797
>>> Batch #22  000000 | 000097 000620 002472 | 003692
>>> Batch #23  000000 | 000097 000482 001276 | 003160
>>> Batch #24  000000 | 000097 000562 001438 | 003149
>>> Batch #25  000000 | 000097 000703 002146 | 003414
>>> Batch #26  000000 | 000097 000703 001722 | 003444
>>> Batch #27  000000 | 000094 000703 001390 | 003541
>>> Batch #28  000000 | 000094 000373 001021 | 003159
>>> Batch #29  000000 | 000073 000373 001033 | 002672
>>> Batch #30  000000 | 000073 000431 001461 | 002966
>>> Batch #31  000000 | 000073 000431 001672 | 003343
>>> Batch #32  000000 | 000073 000349 001102 | 002887
>>> Batch #33  000000 | 000073 000394 001024 | 002846
>>> Batch #34  000000 | 000050 000295 001037 | 002563
>>> Batch #35  000000 | 000046 000362 001220 | 003250
>>> Batch #36  000000 | 000046 000362 000917 | 002705
>>> Batch #37  000000 | 000046 000279 000917 | 002981
>>> Batch #38  000000 | 000046 000425 001052 | 003117
>>> Batch #39  000000 | 000046 000320 000813 | 002924
>>> Batch #40  000000 | 000041 000320 000860 | 002373
>>> Batch #41  000000 | 000041 000276 000860 | 003155
>>> Batch #42  000000 | 000036 000276 000913 | 003177
>>> Batch #43  000000 | 000021 000152 000913 | 002697
>>> Batch #44  000000 | 000021 000152 000939 | 003013
>>> Batch #45  000000 | 000021 000152 001041 | 002635
>>> Batch #46  000000 | 000021 000150 000815 | 002417
>>> Batch #47  000000 | 000021 000259 001095 | 002547
>>> Batch #48  000000 | 000021 000147 000746 | 002807

>>> CREATING SNAPSHOT 1 after 51 seconds

>>> storing rules in file rules/alpha-50
>>> stored 292233 rules in 554ms
>>> Batch #49  000000 | 000021 000270 000746 | 004859
>>> Batch #50  000000 | 000021 000270 000746 | 002260
>>> Batch #51  000000 | 000021 000270 000909 | 002302
>>> Batch #52  000000 | 000009 000270 000710 | 002550
>>> Batch #53  000000 | 000009 000161 000690 | 002163
>>> Batch #54  000000 | 000009 000161 000941 | 002496
>>> Batch #55  000000 | 000009 000161 000986 | 002212
>>> Batch #56  000000 | 000009 000123 000731 | 002314
>>> Batch #57  000000 | 000009 000113 000715 | 002593
>>> Batch #58  000000 | 000009 000113 000943 | 002533
>>> Batch #59  000000 | 000009 000113 000943 | 002814
>>> Batch #60  000000 | 000009 000113 000943 | 003078
>>> Batch #61  000000 | 000009 000129 000837 | 002490
>>> Batch #62  000000 | 000009 000129 000681 | 002200
>>> Batch #63  000000 | 000009 000157 000681 | 002639
>>> Batch #64  000000 | 000017 000157 000865 | 002413
>>> Batch #65  000000 | 000017 000157 000468 | 002382
>>> Batch #66  000000 | 000017 000157 000697 | 002324
>>> Batch #67  000000 | 000017 000157 000611 | 002011
>>> Batch #68  000000 | 000017 000157 000731 | 002409
>>> Batch #69  000000 | 000017 000157 000505 | 002060
>>> Batch #70  000000 | 000017 000157 000443 | 002257
>>> Batch #71  000000 | 000017 000157 000752 | 002197
>>> Batch #72  000000 | 000017 000157 000713 | 002570
>>> Batch #73  000000 | 000017 000117 000675 | 002036
>>> Batch #74  000000 | 000017 000117 000668 | 002216
>>> Batch #75  000000 | 000017 000117 000739 | 002150
>>> Batch #76  000000 | 000017 000117 000716 | 002372
>>> Batch #77  000000 | 000017 000117 000520 | 002563
>>> Batch #78  000000 | 000017 000117 000520 | 002140
>>> Batch #79  000000 | 000017 000082 000520 | 002270
>>> Batch #80  000000 | 000017 000082 000520 | 002410
>>> Batch #81  000000 | 000017 000082 000520 | 002166
>>> Batch #82  000000 | 000017 000082 000326 | 002008
>>> Batch #83  000007 | 000017 000132 000326 | 002395
>>> Batch #84  000006 | 000017 000132 000326 | 002305
>>> Batch #85  000006 | 000017 000169 000741 | 002347
>>> Batch #86  000006 | 000017 000169 000498 | 002349
>>> Batch #87  000006 | 000017 000169 000532 | 001866
>>> Batch #88  000006 | 000017 000083 000717 | 002020
>>> Batch #89  000000 | 000017 000083 000559 | 002298
>>> Batch #90  000000 | 000013 000083 000559 | 002267
>>> Batch #91  000000 | 000009 000089 000559 | 002265
>>> Batch #92  000000 | 000009 000039 000713 | 001932
>>> Batch #93  000000 | 000009 000103 000913 | 002018
>>> Batch #94  000000 | 000009 000103 000554 | 002020
>>> Batch #95  000000 | 000009 000103 000565 | 001948
>>> Batch #96  000000 | 000009 000103 000589 | 001904

>>> CREATING SNAPSHOT 2 after 101 seconds

>>> Bye, bye.
>>> storing rules in file rules/alpha-100
>>> stored 557086 rules in 881ms
>>> waiting for rule writer thread to finish
