nohup: ignoring input
reading params from file config-learn.properties
* read 379366 triples
* indexed 10000 triples
* indexed 20000 triples
* indexed 40000 triples
* indexed 80000 triples
* indexed 160000 triples
* indexed 320000 triples
* set up index for 700 relations, 68541 head entities, and 68541 tail entities
* set up list structure ...  done
* creating worker thread #0
* creating worker thread #1
* creating worker thread #2
* creating worker thread #3
* creating worker thread #4
* creating worker thread #5
* creating worker thread #6
THREAD-1 starts to work with L=3 C=Cyclic 
THREAD-3 starts to work with L=3 C=Cyclic 
THREAD-5 starts to work with L=2 C=Cyclic 
THREAD-0 starts to work with L=0 C=Zero 
THREAD-2 starts to work with L=1 C=Cyclic 
THREAD-4 starts to work with L=1 C=Cyclic 
THREAD-6 starts to work with L=3 C=Cyclic 
>>> Batch #1  000719 | 020995 000117 000037 |  > 99k
>>> Batch #2  000002 | 073146 000679 000037 | 002897
>>> Batch #3  000000 | 028172 000711 000037 | 002897
>>> Batch #4  000000 | 033095 000737 000037 | 003326
>>> Batch #5  000000 | 024411 000737 000037 | 003326
>>> Batch #6  000000 | 017613 000737 000037 | 004006
>>> Batch #7  000000 | 012370 000737 000037 | 002955
>>> Batch #8  000000 | 012829 000737 000037 | 002361
>>> Batch #9  000000 | 014402 000737 000037 | 002526
>>> Batch #10  000000 | 012951 000737 000037 | 002445

>>> CREATING SNAPSHOT 0 after 11 seconds

>>> storing rules in file rules/NELL-one/rules-10
>>> stored 106496 rules in 222ms
>>> Batch #11  000000 | 013707 000737 000037 | 002543
>>> Batch #12  000000 | 008322 000517 000037 | 002179
>>> Batch #13  000000 | 006882 000517 000037 | 001438
>>> Batch #14  000000 | 006460 000715 000037 | 001438
>>> Batch #15  000000 | 006250 000485 000259 | 002794
>>> Batch #16  000000 | 005218 000485 000259 | 001528
>>> Batch #17  000000 | 003395 000489 000524 | 001984
>>> Batch #18  000000 | 002985 000489 000353 | 001848
>>> Batch #19  000000 | 001994 000489 000353 | 001611
>>> Batch #20  000000 | 001630 000511 000243 | 002079
>>> Batch #21  000000 | 001384 000511 000243 | 001930
>>> Batch #22  000000 | 001384 000433 000468 | 001661
>>> Batch #23  000000 | 001384 000556 000258 | 001175
>>> Batch #24  000000 | 001134 000556 000258 | 001643
>>> Batch #25  000000 | 001224 000567 000572 | 001599
>>> Batch #26  000000 | 001596 000567 000645 | 001496
>>> Batch #27  000000 | 000651 000806 000464 | 001218
>>> Batch #28  000000 | 000515 000489 000350 | 001184
>>> Batch #29  000000 | 002051 000391 000350 | 001464
>>> Batch #30  000000 | 000409 000391 000494 | 001619
>>> Batch #31  000000 | 000315 000424 000203 | 001354
>>> Batch #32  000000 | 000280 000437 000299 | 001328
>>> Batch #33  000000 | 000236 000314 000309 | 001498
>>> Batch #34  000000 | 000234 000259 000329 | 001266
>>> Batch #35  000000 | 000234 000259 000352 | 001217
>>> Batch #36  000000 | 000209 000348 000586 | 001150
>>> Batch #37  000000 | 000215 000325 000586 | 001155
>>> Batch #38  000000 | 000215 000224 000677 | 001169
>>> Batch #39  000000 | 000179 000288 000677 | 001103
>>> Batch #40  000000 | 000181 000387 000466 | 001124
>>> Batch #41  000000 | 000155 000286 000466 | 001164
>>> Batch #42  000000 | 000155 000329 000436 | 001202
>>> Batch #43  000000 | 000155 000287 000517 | 001013
>>> Batch #44  000000 | 000172 000346 000454 | 001087
>>> Batch #45  000000 | 000172 000346 000665 | 001027
>>> Batch #46  000000 | 000148 000346 000325 | 000911
>>> Batch #47  000000 | 000148 000303 000376 | 001131
>>> Batch #48  000000 | 000148 000303 000296 | 000927

>>> CREATING SNAPSHOT 1 after 51 seconds

>>> storing rules in file rules/NELL-one/rules-50
>>> stored 305715 rules in 565ms
>>> Batch #49  000000 | 000253 000303 000296 | 001914
>>> Batch #50  000000 | 000115 000144 000296 | 000980
>>> Batch #51  000000 | 000114 000219 000394 | 000895
>>> Batch #52  000000 | 000114 000219 000238 | 000730
>>> Batch #53  000000 | 000110 000219 000274 | 000982
>>> Batch #54  000000 | 000093 000109 000225 | 000934
>>> Batch #55  000000 | 000115 000109 000368 | 000945
>>> Batch #56  000000 | 000105 000109 000426 | 000861
>>> Batch #57  000000 | 000097 000109 000401 | 000845
>>> Batch #58  000000 | 000090 000109 000330 | 000642
>>> Batch #59  000000 | 000083 000109 000357 | 000891
>>> Batch #60  000000 | 000083 000132 000412 | 000924
>>> Batch #61  000000 | 000084 000237 000412 | 000921
>>> Batch #62  000000 | 000084 000237 000440 | 000924
>>> Batch #63  000000 | 000088 000237 000254 | 000899
>>> Batch #64  000000 | 000075 000237 000238 | 000801
>>> Batch #65  000000 | 000075 000237 000362 | 000775
>>> Batch #66  000000 | 000075 000325 000402 | 000744
>>> Batch #67  000000 | 000075 000209 000336 | 000754
>>> Batch #68  000000 | 000075 000314 000251 | 000874
>>> Batch #69  000000 | 000075 000314 000281 | 000760
>>> Batch #70  000000 | 000071 000224 000305 | 000796
>>> Batch #71  000000 | 000081 000194 000305 | 000774
>>> Batch #72  000000 | 000081 000325 000364 | 000801
>>> Batch #73  000000 | 000081 000199 000193 | 000712
>>> Batch #74  000000 | 000081 000140 000193 | 000773
>>> Batch #75  000000 | 000081 000140 000193 | 000766
>>> Batch #76  000000 | 000066 000228 000193 | 000769
>>> Batch #77  000000 | 000054 000216 000268 | 000650
>>> Batch #78  000000 | 000066 000164 000325 | 000821
>>> Batch #79  000000 | 000066 000155 000342 | 000710
>>> Batch #80  000000 | 000061 000155 000342 | 000744
>>> Batch #81  000000 | 000061 000109 000270 | 000715
>>> Batch #82  000000 | 000059 000109 000386 | 000779
>>> Batch #83  000000 | 000058 000109 000270 | 000667
>>> Batch #84  000000 | 000058 000109 000343 | 000728
>>> Batch #85  000000 | 000058 000109 000206 | 000774
>>> Batch #86  000000 | 000058 000171 000180 | 000634
>>> Batch #87  000000 | 000050 000165 000225 | 000703
>>> Batch #88  000000 | 000050 000165 000349 | 000624
>>> Batch #89  000000 | 000050 000165 000261 | 000725
>>> Batch #90  000000 | 000050 000155 000225 | 000651
>>> Batch #91  000000 | 000050 000122 000225 | 000697
>>> Batch #92  000000 | 000050 000122 000225 | 000700
>>> Batch #93  000000 | 000050 000118 000277 | 000688
>>> Batch #94  000000 | 000050 000118 000218 | 000722
>>> Batch #95  000000 | 000047 000168 000218 | 000750
>>> Batch #96  000000 | 000053 000161 000218 | 000674

>>> CREATING SNAPSHOT 2 after 101 seconds

>>> Bye, bye.
>>> storing rules in file rules/NELL-one/rules-100
>>> stored 437847 rules in 753ms
>>> waiting for rule writer thread to finish
