nohup: ignoring input
reading params from file config-learn.properties
>>> parsed 1000000 lines
>>> parsed 2000000 lines
>>> parsed 3000000 lines
>>> parsed 4000000 lines
>>> parsed 5000000 lines
>>> parsed 6000000 lines
>>> parsed 7000000 lines
>>> parsed 8000000 lines
>>> parsed 9000000 lines
>>> parsed 10000000 lines
>>> parsed 11000000 lines
* read 11841690 triples
* indexed 10000 triples
* indexed 20000 triples
* indexed 40000 triples
* indexed 80000 triples
* indexed 160000 triples
* indexed 320000 triples
* indexed 640000 triples
* indexed 1280000 triples
* indexed 2560000 triples
* indexed 5120000 triples
* indexed 10240000 triples
* set up index for 1594 relations, 4838244 head entities, and 4838244 tail entities
* set up list structure ...  done
* creating worker thread #0
* creating worker thread #1
* creating worker thread #2
* creating worker thread #3
* creating worker thread #4
* creating worker thread #5
* creating worker thread #6
THREAD-1 starts to work with L=3 C=Cyclic 
THREAD-3 starts to work with L=1 C=Cyclic 
THREAD-5 starts to work with L=1 C=Cyclic 
THREAD-0 starts to work with L=2 C=Cyclic 
THREAD-2 starts to work with L=2 C=Cyclic 
THREAD-4 starts to work with L=3 C=Cyclic 
THREAD-6 starts to work with L=1 C=Acyclic 
>>> Batch #1   > 99k | 002295 000002 000000 | 000006
>>> Batch #2  021159 | 012629 000058 000000 | 000006
>>> Batch #3  000577 | 041104 000058 000007 | 000044
>>> Batch #4  000005 | 032498 000058 000007 | 000044
>>> Batch #5  000005 | 039888 000058 000007 | 000044
>>> Batch #6  000002 | 054339 000058 000007 | 000044
>>> Batch #7  000002 | 092296 000058 000007 | 000000
>>> Batch #8  000002 | 089891 000058 000007 | 000000

>>> CREATING SNAPSHOT 0 after 11 seconds

>>> storing rules in file rules/Wiki-one/rules-10
>>> stored 114098 rules in 313ms
>>> Batch #9  000002 | 110339 000058 000007 | 000000
>>> Batch #10  000002 | 040673 000187 000007 | 000000
>>> Batch #11  000002 | 032566 000187 000007 | 000000
>>> Batch #12  000002 | 027835 000195 000007 | 000000
>>> Batch #13  000001 | 026042 000669 000007 | 000000
>>> Batch #14  000001 | 017417 000533 000007 | 000000
>>> Batch #15  000001 | 010660 000533 000004 | 000000
>>> Batch #16  000001 | 015091 000001 000008 | 000000
>>> Batch #17  000001 | 014277 000001 000008 | 000000
>>> Batch #18  000001 | 011466 000001 000008 | 000000
>>> Batch #19  000001 | 010638 000001 000008 | 000000
>>> Batch #20  000001 | 008289 000116 000008 | 000000
>>> Batch #21  000001 | 008961 000011 000008 | 000000
>>> Batch #22  000001 | 007152 000011 000008 | 000000
>>> Batch #23  000001 | 007393 000011 000008 | 000000
>>> Batch #24  000001 | 007177 000139 000008 | 000000
>>> Batch #25  000001 | 006400 000139 000008 | 000000
>>> Batch #26  000001 | 004924 000139 000008 | 000000
>>> Batch #27  000001 | 005752 000001 000008 | 000000
>>> Batch #28  000001 | 004565 000034 000008 | 000000
>>> Batch #29  000001 | 005404 000034 000004 | 000000
>>> Batch #30  000001 | 004811 000004 000004 | 000000
>>> Batch #31  000001 | 004296 000803 000004 | 000000
>>> Batch #32  000001 | 004748 000025 000004 | 000000
>>> Batch #33  000001 | 003683 000025 000004 | 000002
>>> Batch #34  000001 | 003058 000025 000004 | 000052
>>> Batch #35  000001 | 003441 000025 000004 | 000052
>>> Batch #36  000001 | 003716 000025 000004 | 000052
>>> Batch #37  000001 | 003862 000068 000004 | 000033
>>> Batch #38  000001 | 003165 000068 000004 | 000033
>>> Batch #39  000001 | 003087 000662 000004 | 000033
>>> Batch #40  000001 | 002905 000043 000006 | 000033
>>> Batch #41  000001 | 002902 000043 000006 | 000033
>>> Batch #42  000001 | 002156 000043 000006 | 000033
>>> Batch #43  000001 | 002415 000579 000006 | 000033
>>> Batch #44  000001 | 002115 000006 000006 | 000113
>>> Batch #45  000001 | 002458 000006 000006 | 000002

>>> CREATING SNAPSHOT 1 after 51 seconds

>>> storing rules in file rules/Wiki-one/rules-50
>>> stored 147084 rules in 227ms
>>> Batch #46  000001 | 003858 000006 000145 | 000002
>>> Batch #47  000001 | 001949 000006 000145 | 000002
>>> Batch #48  000001 | 002036 000006 000023 | 000002
>>> Batch #49  000001 | 002012 000045 000023 | 000000
>>> Batch #50  000001 | 001826 000045 000023 | 000000
>>> Batch #51  000001 | 002203 000045 000003 | 000000
>>> Batch #52  000001 | 001741 000045 000003 | 000000
>>> Batch #53  000001 | 002014 000045 000003 | 000000
>>> Batch #54  000001 | 001819 000045 000003 | 000000
>>> Batch #55  000001 | 001835 000045 000003 | 000000
>>> Batch #56  000001 | 001561 000045 000003 | 000000
>>> Batch #57  000001 | 001447 000028 000003 | 000000
>>> Batch #58  000001 | 001222 000028 000003 | 000034
>>> Batch #59  000001 | 001512 000033 000003 | 000000
>>> Batch #60  000001 | 001350 000033 000003 | 000000
>>> Batch #61  000001 | 001316 000080 000003 | 000000
>>> Batch #62  000001 | 001348 000080 000003 | 000000
>>> Batch #63  000001 | 001358 000080 000003 | 000000
>>> Batch #64  000001 | 001219 000080 000003 | 000069
>>> Batch #65  000001 | 000980 000080 000000 | 000069
>>> Batch #66  000001 | 001265 000004 000000 | 000069
>>> Batch #67  000001 | 001193 000004 000000 | 000007
>>> Batch #68  000001 | 001202 000004 000000 | 000007
>>> Batch #69  000001 | 001147 000004 000000 | 000007
>>> Batch #70  000001 | 001360 000002 000000 | 000007
>>> Batch #71  000001 | 001060 000002 000000 | 000007
>>> Batch #72  000001 | 001189 000002 000000 | 000007
>>> Batch #73  000000 | 001051 000002 000000 | 000007
>>> Batch #74  000000 | 000927 000002 000100 | 000007
>>> Batch #75  000000 | 000866 000002 000100 | 000001
>>> Batch #76  000000 | 000784 000002 000100 | 000001
>>> Batch #77  000000 | 000667 000982 000100 | 000004
>>> Batch #78  000000 | 000621 000064 000100 | 000004
>>> Batch #79  000000 | 001102 000064 000000 | 000030
>>> Batch #80  000000 | 000824 000064 000000 | 000030
>>> Batch #81  000000 | 000733 000064 000000 | 000029
>>> Batch #82  000000 | 000745 000287 000000 | 000029
>>> Batch #83  000000 | 000857 000127 000000 | 000029
>>> Batch #84  000000 | 000924 000127 000000 | 000029
>>> Batch #85  000000 | 000865 000616 000000 | 000029
>>> Batch #86  000000 | 000652 000166 000000 | 000029
>>> Batch #87  000000 | 000736 000166 000000 | 000029
>>> Batch #88  000000 | 000883 000563 000000 | 000029
>>> Batch #89  000000 | 000713 000277 000000 | 000029
>>> Batch #90  000000 | 000750 000105 000000 | 000029
>>> Batch #91  000000 | 000857 000105 000000 | 000032
>>> Batch #92  000000 | 000739 000105 000000 | 000032

>>> CREATING SNAPSHOT 2 after 101 seconds

>>> Bye, bye.
>>> storing rules in file rules/Wiki-one/rules-100
>>> stored 196607 rules in 256ms
>>> waiting for rule writer thread to finish
