nohup: ignoring input
reading params from file config-learn.properties
* read 86761 triples
* indexed 10000 triples
* indexed 20000 triples
* indexed 40000 triples
* indexed 80000 triples
* set up index for 11 relations, 39584 head entities, and 31870 tail entities
* set up list structure ...  done
* creating worker thread #0
* creating worker thread #1
* creating worker thread #2
* creating worker thread #3
* creating worker thread #4
* creating worker thread #5
* creating worker thread #6
THREAD-1 starts to work with L=2 C=Cyclic 
THREAD-3 starts to work with L=1 C=Cyclic 
THREAD-5 starts to work with L=2 C=Cyclic 
THREAD-0 starts to work with L=0 C=Zero 
THREAD-2 starts to work with L=2 C=Cyclic 
THREAD-4 starts to work with L=1 C=Acyclic 
THREAD-6 starts to work with L=3 C=Cyclic 
>>> Batch #1  000012 | 009677 000162 000175 | 000218
>>> Batch #2  000000 | 001305 000011 000175 | 000218
>>> Batch #3  000000 | 000000 000011 000181 | 000218
>>> Batch #4  000000 | 000000 000011 000023 | 000317
>>> Batch #5  000000 | 000000 000011 000024 | 000137
>>> Batch #6  000000 | 000000 000000 000024 | 000101
>>> Batch #7  000000 | 000000 000000 000008 | 000095
>>> Batch #8  000000 | 000000 000001 000008 | 000073
>>> Batch #9  000000 | 000000 000001 000008 | 000076
>>> Batch #10  000000 | 000000 000001 000010 | 000059

>>> CREATING SNAPSHOT 0 after 11 seconds

>>> storing rules in file rules/WN18RR/rules-10
>>> stored 28519 rules in 96ms
>>> Batch #11  000000 | 000000 000001 000028 | 000080
>>> Batch #12  000000 | 000000 000001 000006 | 000051
>>> Batch #13  000000 | 000000 000001 000004 | 000046
>>> Batch #14  000000 | 000000 000001 000004 | 000049
>>> Batch #15  000000 | 000000 000001 000002 | 000048
>>> Batch #16  000000 | 000000 000001 000002 | 000042
>>> Batch #17  000000 | 000000 000001 000003 | 000041
>>> Batch #18  000000 | 000000 000000 000003 | 000040
>>> Batch #19  000000 | 000000 000000 000009 | 000040
>>> Batch #20  000000 | 000000 000000 000001 | 000034
>>> Batch #21  000000 | 000000 000000 000001 | 000036
>>> Batch #22  000000 | 000000 000000 000001 | 000037
>>> Batch #23  000000 | 000000 000000 000001 | 000030
>>> Batch #24  000000 | 000000 000000 000001 | 000027
>>> Batch #25  000000 | 000000 000000 000001 | 000035
>>> Batch #26  000000 | 000000 000000 000001 | 000030
>>> Batch #27  000000 | 000000 000000 000001 | 000036
>>> Batch #28  000000 | 000000 000000 000001 | 000027
>>> Batch #29  000000 | 000000 000000 000001 | 000026
>>> Batch #30  000000 | 000000 000000 000001 | 000024
>>> Batch #31  000000 | 000000 000000 000002 | 000025
>>> Batch #32  000000 | 000000 000000 000002 | 000025
>>> Batch #33  000000 | 000000 000000 000002 | 000022
>>> Batch #34  000000 | 000000 000000 000002 | 000025
>>> Batch #35  000000 | 000000 000000 000002 | 000023
>>> Batch #36  000000 | 000000 000000 000001 | 000019
>>> Batch #37  000000 | 000000 000000 000001 | 000015
>>> Batch #38  000000 | 000000 000000 000001 | 000020
>>> Batch #39  000000 | 000000 000000 000001 | 000018
>>> Batch #40  000000 | 000000 000000 000001 | 000020
>>> Batch #41  000000 | 000000 000000 000001 | 000021
>>> Batch #42  000000 | 000000 000000 000001 | 000015
>>> Batch #43  000000 | 000000 000000 000001 | 000016
>>> Batch #44  000000 | 000000 000000 000001 | 000015
>>> Batch #45  000000 | 000000 000000 000006 | 000014
>>> Batch #46  000000 | 000000 000000 000001 | 000016
>>> Batch #47  000000 | 000000 000000 000001 | 000017
>>> Batch #48  000000 | 000000 000000 000001 | 000013
>>> Batch #49  000000 | 000000 000000 000001 | 000018

>>> CREATING SNAPSHOT 1 after 51 seconds

>>> storing rules in file rules/WN18RR/rules-50
>>> stored 48184 rules in 87ms
>>> Batch #50  000000 | 000000 000000 000001 | 000013
>>> Batch #51  000000 | 000000 000000 000001 | 000016
>>> Batch #52  000000 | 000000 000000 000001 | 000013
>>> Batch #53  000000 | 000000 000000 000001 | 000013
>>> Batch #54  000000 | 000000 000000 000001 | 000014
>>> Batch #55  000000 | 000000 000000 000001 | 000014
>>> Batch #56  000000 | 000000 000000 000001 | 000014
>>> Batch #57  000000 | 000000 000000 000001 | 000012
>>> Batch #58  000000 | 000000 000000 000001 | 000010
>>> Batch #59  000000 | 000000 000000 000001 | 000013
>>> Batch #60  000000 | 000000 000000 000000 | 000012
>>> Batch #61  000000 | 000000 000000 000000 | 000009
>>> Batch #62  000000 | 000000 000000 000001 | 000010
>>> Batch #63  000000 | 000000 000000 000001 | 000010
>>> Batch #64  000000 | 000000 000000 000001 | 000009
>>> Batch #65  000000 | 000000 000000 000000 | 000011
>>> Batch #66  000000 | 000000 000000 000009 | 000007
>>> Batch #67  000000 | 000000 000000 000001 | 000009
>>> Batch #68  000000 | 000000 000000 000000 | 000008
>>> Batch #69  000000 | 000000 000000 000000 | 000011
>>> Batch #70  000000 | 000000 000000 000000 | 000010
>>> Batch #71  000000 | 000000 000000 000000 | 000011
>>> Batch #72  000000 | 000000 000000 000000 | 000009
>>> Batch #73  000000 | 000000 000000 000000 | 000009
>>> Batch #74  000000 | 000000 000000 000000 | 000011
>>> Batch #75  000000 | 000000 000000 000000 | 000009
>>> Batch #76  000000 | 000000 000000 000000 | 000008
>>> Batch #77  000000 | 000000 000000 000000 | 000007
>>> Batch #78  000000 | 000000 000000 000000 | 000009
>>> Batch #79  000000 | 000000 000000 000000 | 000009
>>> Batch #80  000000 | 000000 000000 000000 | 000006
>>> Batch #81  000000 | 000000 000000 000000 | 000007
>>> Batch #82  000000 | 000000 000000 000000 | 000009
>>> Batch #83  000000 | 000000 000000 000000 | 000005
>>> Batch #84  000000 | 000000 000000 000000 | 000007
>>> Batch #85  000000 | 000000 000000 000000 | 000007
>>> Batch #86  000000 | 000000 000000 000000 | 000006
>>> Batch #87  000000 | 000000 000000 000000 | 000008
>>> Batch #88  000000 | 000000 000000 000000 | 000008
>>> Batch #89  000000 | 000000 000000 000001 | 000006
>>> Batch #90  000000 | 000000 000000 000001 | 000006
>>> Batch #91  000000 | 000000 000000 000001 | 000005
>>> Batch #92  000000 | 000000 000000 000000 | 000007
>>> Batch #93  000000 | 000000 000000 000000 | 000006
>>> Batch #94  000000 | 000000 000000 000000 | 000005
>>> Batch #95  000000 | 000000 000000 000000 | 000007
>>> Batch #96  000000 | 000000 000000 000000 | 000005
>>> Batch #97  000000 | 000000 000000 000000 | 000006

>>> CREATING SNAPSHOT 2 after 101 seconds

>>> Bye, bye.
>>> storing rules in file rules/WN18RR/rules-100
>>> stored 57409 rules in 96ms
>>> waiting for rule writer thread to finish
